{
  "RSpec": {
    "coverage": {
      "/Users/ray_yokoyama/my_projects/PinkedIn/app/models/user.rb": [
        1,
        1,
        null,
        null,
        1,
        1,
        1,
        null,
        1,
        1,
        null
      ],
      "/Users/ray_yokoyama/my_projects/PinkedIn/app/models/application_record.rb": [
        1,
        1,
        null
      ],
      "/Users/ray_yokoyama/my_projects/PinkedIn/app/helpers/application_helper.rb": [
        1,
        null
      ],
      "/Users/ray_yokoyama/my_projects/PinkedIn/app/helpers/home_helper.rb": [
        1,
        null
      ],
      "/Users/ray_yokoyama/my_projects/PinkedIn/app/helpers/users_helper.rb": [
        1,
        null
      ],
      "/Users/ray_yokoyama/my_projects/PinkedIn/app/controllers/home_controller.rb": [
        1,
        1,
        null,
        null
      ],
      "/Users/ray_yokoyama/my_projects/PinkedIn/app/controllers/application_controller.rb": [
        1,
        1,
        null,
        1,
        null,
        1,
        0,
        null,
        null,
        null,
        null,
        null,
        null,
        null,
        null,
        null,
        null,
        null
      ],
      "/Users/ray_yokoyama/my_projects/PinkedIn/app/controllers/users_controller.rb": [
        1,
        1,
        1,
        0,
        null,
        1,
        null,
        null,
        null,
        null
      ],
      "/Users/ray_yokoyama/my_projects/PinkedIn/app/models/enterprise_account.rb": [
        1,
        1,
        1,
        null,
        1,
        null
      ],
      "/Users/ray_yokoyama/my_projects/PinkedIn/app/mailers/application_mailer.rb": [
        0,
        0,
        0,
        0
      ],
      "/Users/ray_yokoyama/my_projects/PinkedIn/app/jobs/application_job.rb": [
        0,
        null,
        null,
        null,
        null,
        null,
        0
      ],
      "/Users/ray_yokoyama/my_projects/PinkedIn/app/controllers/users/omniauth_callbacks_controller.rb": [
        null,
        null,
        0,
        null,
        null,
        null,
        null,
        null,
        null,
        null,
        null,
        null,
        null,
        null,
        null,
        null,
        null,
        null,
        null,
        null,
        null,
        null,
        null,
        null,
        null,
        null,
        null,
        null,
        null,
        0
      ],
      "/Users/ray_yokoyama/my_projects/PinkedIn/app/controllers/users/passwords_controller.rb": [
        null,
        null,
        0,
        null,
        null,
        null,
        null,
        null,
        null,
        null,
        null,
        null,
        null,
        null,
        null,
        null,
        null,
        null,
        null,
        null,
        null,
        null,
        null,
        null,
        null,
        null,
        null,
        null,
        null,
        null,
        null,
        null,
        null,
        0
      ],
      "/Users/ray_yokoyama/my_projects/PinkedIn/app/controllers/users/sessions_controller.rb": [
        null,
        null,
        0,
        null,
        null,
        null,
        null,
        null,
        null,
        null,
        null,
        null,
        null,
        null,
        null,
        null,
        null,
        null,
        null,
        null,
        null,
        null,
        null,
        null,
        null,
        null,
        0
      ],
      "/Users/ray_yokoyama/my_projects/PinkedIn/app/controllers/users/unlocks_controller.rb": [
        null,
        null,
        0,
        null,
        null,
        null,
        null,
        null,
        null,
        null,
        null,
        null,
        null,
        null,
        null,
        null,
        null,
        null,
        null,
        null,
        null,
        null,
        null,
        null,
        null,
        null,
        null,
        null,
        null,
        0
      ],
      "/Users/ray_yokoyama/my_projects/PinkedIn/app/controllers/users/confirmations_controller.rb": [
        null,
        null,
        0,
        null,
        null,
        null,
        null,
        null,
        null,
        null,
        null,
        null,
        null,
        null,
        null,
        null,
        null,
        null,
        null,
        null,
        null,
        null,
        null,
        null,
        null,
        null,
        null,
        null,
        null,
        0
      ],
      "/Users/ray_yokoyama/my_projects/PinkedIn/app/controllers/users/registrations_controller.rb": [
        null,
        null,
        0,
        null,
        null,
        null,
        null,
        null,
        null,
        null,
        null,
        null,
        null,
        null,
        null,
        null,
        null,
        null,
        null,
        null,
        null,
        null,
        null,
        null,
        null,
        null,
        null,
        null,
        null,
        null,
        null,
        null,
        null,
        null,
        null,
        null,
        null,
        null,
        null,
        null,
        null,
        0,
        0,
        0,
        0,
        null,
        0,
        0,
        0,
        0,
        0,
        null,
        0,
        null,
        null,
        0,
        0,
        0,
        0,
        0,
        0,
        0,
        0,
        0,
        0,
        0,
        0,
        null,
        null,
        null,
        null,
        null,
        null,
        null,
        0,
        0,
        0,
        null,
        null,
        null,
        null,
        null,
        0
      ],
      "/Users/ray_yokoyama/my_projects/PinkedIn/app/channels/application_cable/connection.rb": [
        0,
        0,
        0,
        0
      ],
      "/Users/ray_yokoyama/my_projects/PinkedIn/app/channels/application_cable/channel.rb": [
        0,
        0,
        0,
        0
      ]
    },
    "timestamp": 1576307951
  }
}
